<?xml version="1.0" encoding="UTF-8"?>
<testsuite xmlns:xsi="http://www.w3.org/2001/XMLSchema-instance" xsi:noNamespaceSchemaLocation="https://maven.apache.org/surefire/maven-surefire-plugin/xsd/surefire-test-report-3.0.xsd" version="3.0" name="com.retail.loyalty.LoyaltyApplicationTests" time="2.38" tests="1" errors="0" skipped="0" failures="0">
  <properties>
    <property name="java.specification.version" value="21"/>
    <property name="sun.jnu.encoding" value="UTF-8"/>
    <property name="java.class.path" value="/Users/saeediqbal/IdeaProjects/loyalty/backend/target/test-classes:/Users/saeediqbal/IdeaProjects/loyalty/backend/target/classes:/Users/saeediqbal/.m2/repository/org/springframework/boot/spring-boot-starter-data-r2dbc/3.3.3/spring-boot-starter-data-r2dbc-3.3.3.jar:/Users/saeediqbal/.m2/repository/org/springframework/boot/spring-boot-starter/3.3.3/spring-boot-starter-3.3.3.jar:/Users/saeediqbal/.m2/repository/org/springframework/boot/spring-boot/3.3.3/spring-boot-3.3.3.jar:/Users/saeediqbal/.m2/repository/org/springframework/boot/spring-boot-autoconfigure/3.3.3/spring-boot-autoconfigure-3.3.3.jar:/Users/saeediqbal/.m2/repository/org/springframework/boot/spring-boot-starter-logging/3.3.3/spring-boot-starter-logging-3.3.3.jar:/Users/saeediqbal/.m2/repository/ch/qos/logback/logback-classic/1.5.7/logback-classic-1.5.7.jar:/Users/saeediqbal/.m2/repository/ch/qos/logback/logback-core/1.5.7/logback-core-1.5.7.jar:/Users/saeediqbal/.m2/repository/org/apache/logging/log4j/log4j-to-slf4j/2.23.1/log4j-to-slf4j-2.23.1.jar:/Users/saeediqbal/.m2/repository/org/apache/logging/log4j/log4j-api/2.23.1/log4j-api-2.23.1.jar:/Users/saeediqbal/.m2/repository/org/slf4j/jul-to-slf4j/2.0.16/jul-to-slf4j-2.0.16.jar:/Users/saeediqbal/.m2/repository/jakarta/annotation/jakarta.annotation-api/2.1.1/jakarta.annotation-api-2.1.1.jar:/Users/saeediqbal/.m2/repository/org/yaml/snakeyaml/2.2/snakeyaml-2.2.jar:/Users/saeediqbal/.m2/repository/org/springframework/data/spring-data-r2dbc/3.3.3/spring-data-r2dbc-3.3.3.jar:/Users/saeediqbal/.m2/repository/org/springframework/data/spring-data-relational/3.3.3/spring-data-relational-3.3.3.jar:/Users/saeediqbal/.m2/repository/org/springframework/data/spring-data-commons/3.3.3/spring-data-commons-3.3.3.jar:/Users/saeediqbal/.m2/repository/org/springframework/spring-tx/6.1.12/spring-tx-6.1.12.jar:/Users/saeediqbal/.m2/repository/org/springframework/spring-context/6.1.12/spring-context-6.1.12.jar:/Users/saeediqbal/.m2/repository/org/springframework/spring-beans/6.1.12/spring-beans-6.1.12.jar:/Users/saeediqbal/.m2/repository/org/springframework/spring-jdbc/6.1.12/spring-jdbc-6.1.12.jar:/Users/saeediqbal/.m2/repository/org/springframework/spring-r2dbc/6.1.12/spring-r2dbc-6.1.12.jar:/Users/saeediqbal/.m2/repository/org/slf4j/slf4j-api/2.0.16/slf4j-api-2.0.16.jar:/Users/saeediqbal/.m2/repository/io/r2dbc/r2dbc-spi/1.0.0.RELEASE/r2dbc-spi-1.0.0.RELEASE.jar:/Users/saeediqbal/.m2/repository/org/reactivestreams/reactive-streams/1.0.4/reactive-streams-1.0.4.jar:/Users/saeediqbal/.m2/repository/io/r2dbc/r2dbc-pool/1.0.1.RELEASE/r2dbc-pool-1.0.1.RELEASE.jar:/Users/saeediqbal/.m2/repository/io/projectreactor/addons/reactor-pool/1.0.8/reactor-pool-1.0.8.jar:/Users/saeediqbal/.m2/repository/org/springframework/boot/spring-boot-starter-security/3.3.3/spring-boot-starter-security-3.3.3.jar:/Users/saeediqbal/.m2/repository/org/springframework/spring-aop/6.1.12/spring-aop-6.1.12.jar:/Users/saeediqbal/.m2/repository/org/springframework/security/spring-security-config/6.3.3/spring-security-config-6.3.3.jar:/Users/saeediqbal/.m2/repository/org/springframework/security/spring-security-web/6.3.3/spring-security-web-6.3.3.jar:/Users/saeediqbal/.m2/repository/org/springframework/spring-expression/6.1.12/spring-expression-6.1.12.jar:/Users/saeediqbal/.m2/repository/org/springframework/boot/spring-boot-starter-webflux/3.3.3/spring-boot-starter-webflux-3.3.3.jar:/Users/saeediqbal/.m2/repository/org/springframework/boot/spring-boot-starter-json/3.3.3/spring-boot-starter-json-3.3.3.jar:/Users/saeediqbal/.m2/repository/com/fasterxml/jackson/core/jackson-databind/2.17.2/jackson-databind-2.17.2.jar:/Users/saeediqbal/.m2/repository/com/fasterxml/jackson/core/jackson-annotations/2.17.2/jackson-annotations-2.17.2.jar:/Users/saeediqbal/.m2/repository/com/fasterxml/jackson/core/jackson-core/2.17.2/jackson-core-2.17.2.jar:/Users/saeediqbal/.m2/repository/com/fasterxml/jackson/datatype/jackson-datatype-jdk8/2.17.2/jackson-datatype-jdk8-2.17.2.jar:/Users/saeediqbal/.m2/repository/com/fasterxml/jackson/datatype/jackson-datatype-jsr310/2.17.2/jackson-datatype-jsr310-2.17.2.jar:/Users/saeediqbal/.m2/repository/com/fasterxml/jackson/module/jackson-module-parameter-names/2.17.2/jackson-module-parameter-names-2.17.2.jar:/Users/saeediqbal/.m2/repository/org/springframework/boot/spring-boot-starter-reactor-netty/3.3.3/spring-boot-starter-reactor-netty-3.3.3.jar:/Users/saeediqbal/.m2/repository/io/projectreactor/netty/reactor-netty-http/1.1.22/reactor-netty-http-1.1.22.jar:/Users/saeediqbal/.m2/repository/io/netty/netty-codec-http/4.1.112.Final/netty-codec-http-4.1.112.Final.jar:/Users/saeediqbal/.m2/repository/io/netty/netty-codec-http2/4.1.112.Final/netty-codec-http2-4.1.112.Final.jar:/Users/saeediqbal/.m2/repository/org/springframework/spring-web/6.1.12/spring-web-6.1.12.jar:/Users/saeediqbal/.m2/repository/io/micrometer/micrometer-observation/1.13.3/micrometer-observation-1.13.3.jar:/Users/saeediqbal/.m2/repository/io/micrometer/micrometer-commons/1.13.3/micrometer-commons-1.13.3.jar:/Users/saeediqbal/.m2/repository/org/springframework/spring-webflux/6.1.12/spring-webflux-6.1.12.jar:/Users/saeediqbal/.m2/repository/org/springframework/boot/spring-boot-configuration-processor/3.3.3/spring-boot-configuration-processor-3.3.3.jar:/Users/saeediqbal/.m2/repository/org/projectlombok/lombok/1.18.34/lombok-1.18.34.jar:/Users/saeediqbal/.m2/repository/org/springframework/boot/spring-boot-starter-test/3.3.3/spring-boot-starter-test-3.3.3.jar:/Users/saeediqbal/.m2/repository/org/springframework/boot/spring-boot-test/3.3.3/spring-boot-test-3.3.3.jar:/Users/saeediqbal/.m2/repository/org/springframework/boot/spring-boot-test-autoconfigure/3.3.3/spring-boot-test-autoconfigure-3.3.3.jar:/Users/saeediqbal/.m2/repository/com/jayway/jsonpath/json-path/2.9.0/json-path-2.9.0.jar:/Users/saeediqbal/.m2/repository/jakarta/xml/bind/jakarta.xml.bind-api/4.0.2/jakarta.xml.bind-api-4.0.2.jar:/Users/saeediqbal/.m2/repository/jakarta/activation/jakarta.activation-api/2.1.3/jakarta.activation-api-2.1.3.jar:/Users/saeediqbal/.m2/repository/net/minidev/json-smart/2.5.1/json-smart-2.5.1.jar:/Users/saeediqbal/.m2/repository/net/minidev/accessors-smart/2.5.1/accessors-smart-2.5.1.jar:/Users/saeediqbal/.m2/repository/org/ow2/asm/asm/9.6/asm-9.6.jar:/Users/saeediqbal/.m2/repository/org/assertj/assertj-core/3.25.3/assertj-core-3.25.3.jar:/Users/saeediqbal/.m2/repository/net/bytebuddy/byte-buddy/1.14.19/byte-buddy-1.14.19.jar:/Users/saeediqbal/.m2/repository/org/awaitility/awaitility/4.2.2/awaitility-4.2.2.jar:/Users/saeediqbal/.m2/repository/org/hamcrest/hamcrest/2.2/hamcrest-2.2.jar:/Users/saeediqbal/.m2/repository/org/junit/jupiter/junit-jupiter/5.10.3/junit-jupiter-5.10.3.jar:/Users/saeediqbal/.m2/repository/org/junit/jupiter/junit-jupiter-api/5.10.3/junit-jupiter-api-5.10.3.jar:/Users/saeediqbal/.m2/repository/org/opentest4j/opentest4j/1.3.0/opentest4j-1.3.0.jar:/Users/saeediqbal/.m2/repository/org/junit/platform/junit-platform-commons/1.10.3/junit-platform-commons-1.10.3.jar:/Users/saeediqbal/.m2/repository/org/apiguardian/apiguardian-api/1.1.2/apiguardian-api-1.1.2.jar:/Users/saeediqbal/.m2/repository/org/junit/jupiter/junit-jupiter-params/5.10.3/junit-jupiter-params-5.10.3.jar:/Users/saeediqbal/.m2/repository/org/junit/jupiter/junit-jupiter-engine/5.10.3/junit-jupiter-engine-5.10.3.jar:/Users/saeediqbal/.m2/repository/org/junit/platform/junit-platform-engine/1.10.3/junit-platform-engine-1.10.3.jar:/Users/saeediqbal/.m2/repository/org/mockito/mockito-core/5.11.0/mockito-core-5.11.0.jar:/Users/saeediqbal/.m2/repository/net/bytebuddy/byte-buddy-agent/1.14.19/byte-buddy-agent-1.14.19.jar:/Users/saeediqbal/.m2/repository/org/objenesis/objenesis/3.3/objenesis-3.3.jar:/Users/saeediqbal/.m2/repository/org/mockito/mockito-junit-jupiter/5.11.0/mockito-junit-jupiter-5.11.0.jar:/Users/saeediqbal/.m2/repository/org/skyscreamer/jsonassert/1.5.3/jsonassert-1.5.3.jar:/Users/saeediqbal/.m2/repository/com/vaadin/external/google/android-json/0.0.20131108.vaadin1/android-json-0.0.20131108.vaadin1.jar:/Users/saeediqbal/.m2/repository/org/springframework/spring-core/6.1.12/spring-core-6.1.12.jar:/Users/saeediqbal/.m2/repository/org/springframework/spring-jcl/6.1.12/spring-jcl-6.1.12.jar:/Users/saeediqbal/.m2/repository/org/springframework/spring-test/6.1.12/spring-test-6.1.12.jar:/Users/saeediqbal/.m2/repository/org/xmlunit/xmlunit-core/2.9.1/xmlunit-core-2.9.1.jar:/Users/saeediqbal/.m2/repository/io/projectreactor/reactor-test/3.6.9/reactor-test-3.6.9.jar:/Users/saeediqbal/.m2/repository/io/projectreactor/reactor-core/3.6.9/reactor-core-3.6.9.jar:/Users/saeediqbal/.m2/repository/org/springframework/security/spring-security-test/6.3.3/spring-security-test-6.3.3.jar:/Users/saeediqbal/.m2/repository/org/springframework/security/spring-security-core/6.3.3/spring-security-core-6.3.3.jar:/Users/saeediqbal/.m2/repository/org/springframework/security/spring-security-crypto/6.3.3/spring-security-crypto-6.3.3.jar:/Users/saeediqbal/.m2/repository/org/postgresql/r2dbc-postgresql/1.0.5.RELEASE/r2dbc-postgresql-1.0.5.RELEASE.jar:/Users/saeediqbal/.m2/repository/com/ongres/scram/client/2.1/client-2.1.jar:/Users/saeediqbal/.m2/repository/com/ongres/scram/common/2.1/common-2.1.jar:/Users/saeediqbal/.m2/repository/com/ongres/stringprep/saslprep/1.1/saslprep-1.1.jar:/Users/saeediqbal/.m2/repository/com/ongres/stringprep/stringprep/1.1/stringprep-1.1.jar:/Users/saeediqbal/.m2/repository/io/projectreactor/netty/reactor-netty-core/1.1.22/reactor-netty-core-1.1.22.jar:/Users/saeediqbal/.m2/repository/io/netty/netty-handler/4.1.112.Final/netty-handler-4.1.112.Final.jar:/Users/saeediqbal/.m2/repository/io/netty/netty-common/4.1.112.Final/netty-common-4.1.112.Final.jar:/Users/saeediqbal/.m2/repository/io/netty/netty-resolver/4.1.112.Final/netty-resolver-4.1.112.Final.jar:/Users/saeediqbal/.m2/repository/io/netty/netty-buffer/4.1.112.Final/netty-buffer-4.1.112.Final.jar:/Users/saeediqbal/.m2/repository/io/netty/netty-transport/4.1.112.Final/netty-transport-4.1.112.Final.jar:/Users/saeediqbal/.m2/repository/io/netty/netty-transport-native-unix-common/4.1.112.Final/netty-transport-native-unix-common-4.1.112.Final.jar:/Users/saeediqbal/.m2/repository/io/netty/netty-codec/4.1.112.Final/netty-codec-4.1.112.Final.jar:/Users/saeediqbal/.m2/repository/io/netty/netty-handler-proxy/4.1.112.Final/netty-handler-proxy-4.1.112.Final.jar:/Users/saeediqbal/.m2/repository/io/netty/netty-codec-socks/4.1.112.Final/netty-codec-socks-4.1.112.Final.jar:/Users/saeediqbal/.m2/repository/io/netty/netty-resolver-dns/4.1.112.Final/netty-resolver-dns-4.1.112.Final.jar:/Users/saeediqbal/.m2/repository/io/netty/netty-codec-dns/4.1.112.Final/netty-codec-dns-4.1.112.Final.jar:/Users/saeediqbal/.m2/repository/io/netty/netty-resolver-dns-native-macos/4.1.112.Final/netty-resolver-dns-native-macos-4.1.112.Final-osx-x86_64.jar:/Users/saeediqbal/.m2/repository/io/netty/netty-resolver-dns-classes-macos/4.1.112.Final/netty-resolver-dns-classes-macos-4.1.112.Final.jar:/Users/saeediqbal/.m2/repository/io/netty/netty-transport-native-epoll/4.1.112.Final/netty-transport-native-epoll-4.1.112.Final-linux-x86_64.jar:/Users/saeediqbal/.m2/repository/io/netty/netty-transport-classes-epoll/4.1.112.Final/netty-transport-classes-epoll-4.1.112.Final.jar:/Users/saeediqbal/.m2/repository/io/jsonwebtoken/jjwt-api/0.12.6/jjwt-api-0.12.6.jar:/Users/saeediqbal/.m2/repository/org/mapstruct/mapstruct/1.6.0/mapstruct-1.6.0.jar:/Users/saeediqbal/.m2/repository/org/mapstruct/mapstruct-processor/1.6.0/mapstruct-processor-1.6.0.jar:/Users/saeediqbal/.m2/repository/org/springdoc/springdoc-openapi-starter-webflux-ui/2.6.0/springdoc-openapi-starter-webflux-ui-2.6.0.jar:/Users/saeediqbal/.m2/repository/org/springdoc/springdoc-openapi-starter-webflux-api/2.6.0/springdoc-openapi-starter-webflux-api-2.6.0.jar:/Users/saeediqbal/.m2/repository/org/springdoc/springdoc-openapi-starter-common/2.6.0/springdoc-openapi-starter-common-2.6.0.jar:/Users/saeediqbal/.m2/repository/io/swagger/core/v3/swagger-core-jakarta/2.2.22/swagger-core-jakarta-2.2.22.jar:/Users/saeediqbal/.m2/repository/org/apache/commons/commons-lang3/3.14.0/commons-lang3-3.14.0.jar:/Users/saeediqbal/.m2/repository/io/swagger/core/v3/swagger-annotations-jakarta/2.2.22/swagger-annotations-jakarta-2.2.22.jar:/Users/saeediqbal/.m2/repository/io/swagger/core/v3/swagger-models-jakarta/2.2.22/swagger-models-jakarta-2.2.22.jar:/Users/saeediqbal/.m2/repository/jakarta/validation/jakarta.validation-api/3.0.2/jakarta.validation-api-3.0.2.jar:/Users/saeediqbal/.m2/repository/com/fasterxml/jackson/dataformat/jackson-dataformat-yaml/2.17.2/jackson-dataformat-yaml-2.17.2.jar:/Users/saeediqbal/.m2/repository/org/webjars/swagger-ui/5.17.14/swagger-ui-5.17.14.jar:/Users/saeediqbal/.m2/repository/org/springframework/security/spring-security-oauth2-client/6.3.3/spring-security-oauth2-client-6.3.3.jar:/Users/saeediqbal/.m2/repository/org/springframework/security/spring-security-oauth2-core/6.3.3/spring-security-oauth2-core-6.3.3.jar:/Users/saeediqbal/.m2/repository/com/nimbusds/oauth2-oidc-sdk/9.43.4/oauth2-oidc-sdk-9.43.4.jar:/Users/saeediqbal/.m2/repository/com/github/stephenc/jcip/jcip-annotations/1.0-1/jcip-annotations-1.0-1.jar:/Users/saeediqbal/.m2/repository/com/nimbusds/content-type/2.2/content-type-2.2.jar:/Users/saeediqbal/.m2/repository/com/nimbusds/lang-tag/1.7/lang-tag-1.7.jar:/Users/saeediqbal/.m2/repository/com/nimbusds/nimbus-jose-jwt/9.37.3/nimbus-jose-jwt-9.37.3.jar:/Users/saeediqbal/.m2/repository/org/springframework/boot/spring-boot-starter-oauth2-resource-server/3.3.3/spring-boot-starter-oauth2-resource-server-3.3.3.jar:/Users/saeediqbal/.m2/repository/org/springframework/security/spring-security-oauth2-resource-server/6.3.3/spring-security-oauth2-resource-server-6.3.3.jar:/Users/saeediqbal/.m2/repository/org/springframework/security/spring-security-oauth2-jose/6.3.3/spring-security-oauth2-jose-6.3.3.jar:"/>
    <property name="java.vm.vendor" value="Oracle Corporation"/>
    <property name="sun.arch.data.model" value="64"/>
    <property name="java.vendor.url" value="https://java.oracle.com/"/>
    <property name="user.timezone" value="Asia/Karachi"/>
    <property name="os.name" value="Mac OS X"/>
    <property name="java.vm.specification.version" value="21"/>
    <property name="sun.java.launcher" value="SUN_STANDARD"/>
    <property name="user.country" value="US"/>
    <property name="sun.boot.library.path" value="/Users/saeediqbal/Documents/jdk-21.0.3.jdk/Contents/Home/lib"/>
    <property name="sun.java.command" value="/Users/saeediqbal/IdeaProjects/loyalty/backend/target/surefire/surefirebooter-20240902082846566_3.jar /Users/saeediqbal/IdeaProjects/loyalty/backend/target/surefire 2024-09-02T08-28-45_369-jvmRun1 surefire-20240902082846566_1tmp surefire_0-20240902082846566_2tmp"/>
    <property name="http.nonProxyHosts" value="local|*.local|169.254/16|*.169.254/16"/>
    <property name="jdk.debug" value="release"/>
    <property name="surefire.test.class.path" value="/Users/saeediqbal/IdeaProjects/loyalty/backend/target/test-classes:/Users/saeediqbal/IdeaProjects/loyalty/backend/target/classes:/Users/saeediqbal/.m2/repository/org/springframework/boot/spring-boot-starter-data-r2dbc/3.3.3/spring-boot-starter-data-r2dbc-3.3.3.jar:/Users/saeediqbal/.m2/repository/org/springframework/boot/spring-boot-starter/3.3.3/spring-boot-starter-3.3.3.jar:/Users/saeediqbal/.m2/repository/org/springframework/boot/spring-boot/3.3.3/spring-boot-3.3.3.jar:/Users/saeediqbal/.m2/repository/org/springframework/boot/spring-boot-autoconfigure/3.3.3/spring-boot-autoconfigure-3.3.3.jar:/Users/saeediqbal/.m2/repository/org/springframework/boot/spring-boot-starter-logging/3.3.3/spring-boot-starter-logging-3.3.3.jar:/Users/saeediqbal/.m2/repository/ch/qos/logback/logback-classic/1.5.7/logback-classic-1.5.7.jar:/Users/saeediqbal/.m2/repository/ch/qos/logback/logback-core/1.5.7/logback-core-1.5.7.jar:/Users/saeediqbal/.m2/repository/org/apache/logging/log4j/log4j-to-slf4j/2.23.1/log4j-to-slf4j-2.23.1.jar:/Users/saeediqbal/.m2/repository/org/apache/logging/log4j/log4j-api/2.23.1/log4j-api-2.23.1.jar:/Users/saeediqbal/.m2/repository/org/slf4j/jul-to-slf4j/2.0.16/jul-to-slf4j-2.0.16.jar:/Users/saeediqbal/.m2/repository/jakarta/annotation/jakarta.annotation-api/2.1.1/jakarta.annotation-api-2.1.1.jar:/Users/saeediqbal/.m2/repository/org/yaml/snakeyaml/2.2/snakeyaml-2.2.jar:/Users/saeediqbal/.m2/repository/org/springframework/data/spring-data-r2dbc/3.3.3/spring-data-r2dbc-3.3.3.jar:/Users/saeediqbal/.m2/repository/org/springframework/data/spring-data-relational/3.3.3/spring-data-relational-3.3.3.jar:/Users/saeediqbal/.m2/repository/org/springframework/data/spring-data-commons/3.3.3/spring-data-commons-3.3.3.jar:/Users/saeediqbal/.m2/repository/org/springframework/spring-tx/6.1.12/spring-tx-6.1.12.jar:/Users/saeediqbal/.m2/repository/org/springframework/spring-context/6.1.12/spring-context-6.1.12.jar:/Users/saeediqbal/.m2/repository/org/springframework/spring-beans/6.1.12/spring-beans-6.1.12.jar:/Users/saeediqbal/.m2/repository/org/springframework/spring-jdbc/6.1.12/spring-jdbc-6.1.12.jar:/Users/saeediqbal/.m2/repository/org/springframework/spring-r2dbc/6.1.12/spring-r2dbc-6.1.12.jar:/Users/saeediqbal/.m2/repository/org/slf4j/slf4j-api/2.0.16/slf4j-api-2.0.16.jar:/Users/saeediqbal/.m2/repository/io/r2dbc/r2dbc-spi/1.0.0.RELEASE/r2dbc-spi-1.0.0.RELEASE.jar:/Users/saeediqbal/.m2/repository/org/reactivestreams/reactive-streams/1.0.4/reactive-streams-1.0.4.jar:/Users/saeediqbal/.m2/repository/io/r2dbc/r2dbc-pool/1.0.1.RELEASE/r2dbc-pool-1.0.1.RELEASE.jar:/Users/saeediqbal/.m2/repository/io/projectreactor/addons/reactor-pool/1.0.8/reactor-pool-1.0.8.jar:/Users/saeediqbal/.m2/repository/org/springframework/boot/spring-boot-starter-security/3.3.3/spring-boot-starter-security-3.3.3.jar:/Users/saeediqbal/.m2/repository/org/springframework/spring-aop/6.1.12/spring-aop-6.1.12.jar:/Users/saeediqbal/.m2/repository/org/springframework/security/spring-security-config/6.3.3/spring-security-config-6.3.3.jar:/Users/saeediqbal/.m2/repository/org/springframework/security/spring-security-web/6.3.3/spring-security-web-6.3.3.jar:/Users/saeediqbal/.m2/repository/org/springframework/spring-expression/6.1.12/spring-expression-6.1.12.jar:/Users/saeediqbal/.m2/repository/org/springframework/boot/spring-boot-starter-webflux/3.3.3/spring-boot-starter-webflux-3.3.3.jar:/Users/saeediqbal/.m2/repository/org/springframework/boot/spring-boot-starter-json/3.3.3/spring-boot-starter-json-3.3.3.jar:/Users/saeediqbal/.m2/repository/com/fasterxml/jackson/core/jackson-databind/2.17.2/jackson-databind-2.17.2.jar:/Users/saeediqbal/.m2/repository/com/fasterxml/jackson/core/jackson-annotations/2.17.2/jackson-annotations-2.17.2.jar:/Users/saeediqbal/.m2/repository/com/fasterxml/jackson/core/jackson-core/2.17.2/jackson-core-2.17.2.jar:/Users/saeediqbal/.m2/repository/com/fasterxml/jackson/datatype/jackson-datatype-jdk8/2.17.2/jackson-datatype-jdk8-2.17.2.jar:/Users/saeediqbal/.m2/repository/com/fasterxml/jackson/datatype/jackson-datatype-jsr310/2.17.2/jackson-datatype-jsr310-2.17.2.jar:/Users/saeediqbal/.m2/repository/com/fasterxml/jackson/module/jackson-module-parameter-names/2.17.2/jackson-module-parameter-names-2.17.2.jar:/Users/saeediqbal/.m2/repository/org/springframework/boot/spring-boot-starter-reactor-netty/3.3.3/spring-boot-starter-reactor-netty-3.3.3.jar:/Users/saeediqbal/.m2/repository/io/projectreactor/netty/reactor-netty-http/1.1.22/reactor-netty-http-1.1.22.jar:/Users/saeediqbal/.m2/repository/io/netty/netty-codec-http/4.1.112.Final/netty-codec-http-4.1.112.Final.jar:/Users/saeediqbal/.m2/repository/io/netty/netty-codec-http2/4.1.112.Final/netty-codec-http2-4.1.112.Final.jar:/Users/saeediqbal/.m2/repository/org/springframework/spring-web/6.1.12/spring-web-6.1.12.jar:/Users/saeediqbal/.m2/repository/io/micrometer/micrometer-observation/1.13.3/micrometer-observation-1.13.3.jar:/Users/saeediqbal/.m2/repository/io/micrometer/micrometer-commons/1.13.3/micrometer-commons-1.13.3.jar:/Users/saeediqbal/.m2/repository/org/springframework/spring-webflux/6.1.12/spring-webflux-6.1.12.jar:/Users/saeediqbal/.m2/repository/org/springframework/boot/spring-boot-configuration-processor/3.3.3/spring-boot-configuration-processor-3.3.3.jar:/Users/saeediqbal/.m2/repository/org/projectlombok/lombok/1.18.34/lombok-1.18.34.jar:/Users/saeediqbal/.m2/repository/org/springframework/boot/spring-boot-starter-test/3.3.3/spring-boot-starter-test-3.3.3.jar:/Users/saeediqbal/.m2/repository/org/springframework/boot/spring-boot-test/3.3.3/spring-boot-test-3.3.3.jar:/Users/saeediqbal/.m2/repository/org/springframework/boot/spring-boot-test-autoconfigure/3.3.3/spring-boot-test-autoconfigure-3.3.3.jar:/Users/saeediqbal/.m2/repository/com/jayway/jsonpath/json-path/2.9.0/json-path-2.9.0.jar:/Users/saeediqbal/.m2/repository/jakarta/xml/bind/jakarta.xml.bind-api/4.0.2/jakarta.xml.bind-api-4.0.2.jar:/Users/saeediqbal/.m2/repository/jakarta/activation/jakarta.activation-api/2.1.3/jakarta.activation-api-2.1.3.jar:/Users/saeediqbal/.m2/repository/net/minidev/json-smart/2.5.1/json-smart-2.5.1.jar:/Users/saeediqbal/.m2/repository/net/minidev/accessors-smart/2.5.1/accessors-smart-2.5.1.jar:/Users/saeediqbal/.m2/repository/org/ow2/asm/asm/9.6/asm-9.6.jar:/Users/saeediqbal/.m2/repository/org/assertj/assertj-core/3.25.3/assertj-core-3.25.3.jar:/Users/saeediqbal/.m2/repository/net/bytebuddy/byte-buddy/1.14.19/byte-buddy-1.14.19.jar:/Users/saeediqbal/.m2/repository/org/awaitility/awaitility/4.2.2/awaitility-4.2.2.jar:/Users/saeediqbal/.m2/repository/org/hamcrest/hamcrest/2.2/hamcrest-2.2.jar:/Users/saeediqbal/.m2/repository/org/junit/jupiter/junit-jupiter/5.10.3/junit-jupiter-5.10.3.jar:/Users/saeediqbal/.m2/repository/org/junit/jupiter/junit-jupiter-api/5.10.3/junit-jupiter-api-5.10.3.jar:/Users/saeediqbal/.m2/repository/org/opentest4j/opentest4j/1.3.0/opentest4j-1.3.0.jar:/Users/saeediqbal/.m2/repository/org/junit/platform/junit-platform-commons/1.10.3/junit-platform-commons-1.10.3.jar:/Users/saeediqbal/.m2/repository/org/apiguardian/apiguardian-api/1.1.2/apiguardian-api-1.1.2.jar:/Users/saeediqbal/.m2/repository/org/junit/jupiter/junit-jupiter-params/5.10.3/junit-jupiter-params-5.10.3.jar:/Users/saeediqbal/.m2/repository/org/junit/jupiter/junit-jupiter-engine/5.10.3/junit-jupiter-engine-5.10.3.jar:/Users/saeediqbal/.m2/repository/org/junit/platform/junit-platform-engine/1.10.3/junit-platform-engine-1.10.3.jar:/Users/saeediqbal/.m2/repository/org/mockito/mockito-core/5.11.0/mockito-core-5.11.0.jar:/Users/saeediqbal/.m2/repository/net/bytebuddy/byte-buddy-agent/1.14.19/byte-buddy-agent-1.14.19.jar:/Users/saeediqbal/.m2/repository/org/objenesis/objenesis/3.3/objenesis-3.3.jar:/Users/saeediqbal/.m2/repository/org/mockito/mockito-junit-jupiter/5.11.0/mockito-junit-jupiter-5.11.0.jar:/Users/saeediqbal/.m2/repository/org/skyscreamer/jsonassert/1.5.3/jsonassert-1.5.3.jar:/Users/saeediqbal/.m2/repository/com/vaadin/external/google/android-json/0.0.20131108.vaadin1/android-json-0.0.20131108.vaadin1.jar:/Users/saeediqbal/.m2/repository/org/springframework/spring-core/6.1.12/spring-core-6.1.12.jar:/Users/saeediqbal/.m2/repository/org/springframework/spring-jcl/6.1.12/spring-jcl-6.1.12.jar:/Users/saeediqbal/.m2/repository/org/springframework/spring-test/6.1.12/spring-test-6.1.12.jar:/Users/saeediqbal/.m2/repository/org/xmlunit/xmlunit-core/2.9.1/xmlunit-core-2.9.1.jar:/Users/saeediqbal/.m2/repository/io/projectreactor/reactor-test/3.6.9/reactor-test-3.6.9.jar:/Users/saeediqbal/.m2/repository/io/projectreactor/reactor-core/3.6.9/reactor-core-3.6.9.jar:/Users/saeediqbal/.m2/repository/org/springframework/security/spring-security-test/6.3.3/spring-security-test-6.3.3.jar:/Users/saeediqbal/.m2/repository/org/springframework/security/spring-security-core/6.3.3/spring-security-core-6.3.3.jar:/Users/saeediqbal/.m2/repository/org/springframework/security/spring-security-crypto/6.3.3/spring-security-crypto-6.3.3.jar:/Users/saeediqbal/.m2/repository/org/postgresql/r2dbc-postgresql/1.0.5.RELEASE/r2dbc-postgresql-1.0.5.RELEASE.jar:/Users/saeediqbal/.m2/repository/com/ongres/scram/client/2.1/client-2.1.jar:/Users/saeediqbal/.m2/repository/com/ongres/scram/common/2.1/common-2.1.jar:/Users/saeediqbal/.m2/repository/com/ongres/stringprep/saslprep/1.1/saslprep-1.1.jar:/Users/saeediqbal/.m2/repository/com/ongres/stringprep/stringprep/1.1/stringprep-1.1.jar:/Users/saeediqbal/.m2/repository/io/projectreactor/netty/reactor-netty-core/1.1.22/reactor-netty-core-1.1.22.jar:/Users/saeediqbal/.m2/repository/io/netty/netty-handler/4.1.112.Final/netty-handler-4.1.112.Final.jar:/Users/saeediqbal/.m2/repository/io/netty/netty-common/4.1.112.Final/netty-common-4.1.112.Final.jar:/Users/saeediqbal/.m2/repository/io/netty/netty-resolver/4.1.112.Final/netty-resolver-4.1.112.Final.jar:/Users/saeediqbal/.m2/repository/io/netty/netty-buffer/4.1.112.Final/netty-buffer-4.1.112.Final.jar:/Users/saeediqbal/.m2/repository/io/netty/netty-transport/4.1.112.Final/netty-transport-4.1.112.Final.jar:/Users/saeediqbal/.m2/repository/io/netty/netty-transport-native-unix-common/4.1.112.Final/netty-transport-native-unix-common-4.1.112.Final.jar:/Users/saeediqbal/.m2/repository/io/netty/netty-codec/4.1.112.Final/netty-codec-4.1.112.Final.jar:/Users/saeediqbal/.m2/repository/io/netty/netty-handler-proxy/4.1.112.Final/netty-handler-proxy-4.1.112.Final.jar:/Users/saeediqbal/.m2/repository/io/netty/netty-codec-socks/4.1.112.Final/netty-codec-socks-4.1.112.Final.jar:/Users/saeediqbal/.m2/repository/io/netty/netty-resolver-dns/4.1.112.Final/netty-resolver-dns-4.1.112.Final.jar:/Users/saeediqbal/.m2/repository/io/netty/netty-codec-dns/4.1.112.Final/netty-codec-dns-4.1.112.Final.jar:/Users/saeediqbal/.m2/repository/io/netty/netty-resolver-dns-native-macos/4.1.112.Final/netty-resolver-dns-native-macos-4.1.112.Final-osx-x86_64.jar:/Users/saeediqbal/.m2/repository/io/netty/netty-resolver-dns-classes-macos/4.1.112.Final/netty-resolver-dns-classes-macos-4.1.112.Final.jar:/Users/saeediqbal/.m2/repository/io/netty/netty-transport-native-epoll/4.1.112.Final/netty-transport-native-epoll-4.1.112.Final-linux-x86_64.jar:/Users/saeediqbal/.m2/repository/io/netty/netty-transport-classes-epoll/4.1.112.Final/netty-transport-classes-epoll-4.1.112.Final.jar:/Users/saeediqbal/.m2/repository/io/jsonwebtoken/jjwt-api/0.12.6/jjwt-api-0.12.6.jar:/Users/saeediqbal/.m2/repository/org/mapstruct/mapstruct/1.6.0/mapstruct-1.6.0.jar:/Users/saeediqbal/.m2/repository/org/mapstruct/mapstruct-processor/1.6.0/mapstruct-processor-1.6.0.jar:/Users/saeediqbal/.m2/repository/org/springdoc/springdoc-openapi-starter-webflux-ui/2.6.0/springdoc-openapi-starter-webflux-ui-2.6.0.jar:/Users/saeediqbal/.m2/repository/org/springdoc/springdoc-openapi-starter-webflux-api/2.6.0/springdoc-openapi-starter-webflux-api-2.6.0.jar:/Users/saeediqbal/.m2/repository/org/springdoc/springdoc-openapi-starter-common/2.6.0/springdoc-openapi-starter-common-2.6.0.jar:/Users/saeediqbal/.m2/repository/io/swagger/core/v3/swagger-core-jakarta/2.2.22/swagger-core-jakarta-2.2.22.jar:/Users/saeediqbal/.m2/repository/org/apache/commons/commons-lang3/3.14.0/commons-lang3-3.14.0.jar:/Users/saeediqbal/.m2/repository/io/swagger/core/v3/swagger-annotations-jakarta/2.2.22/swagger-annotations-jakarta-2.2.22.jar:/Users/saeediqbal/.m2/repository/io/swagger/core/v3/swagger-models-jakarta/2.2.22/swagger-models-jakarta-2.2.22.jar:/Users/saeediqbal/.m2/repository/jakarta/validation/jakarta.validation-api/3.0.2/jakarta.validation-api-3.0.2.jar:/Users/saeediqbal/.m2/repository/com/fasterxml/jackson/dataformat/jackson-dataformat-yaml/2.17.2/jackson-dataformat-yaml-2.17.2.jar:/Users/saeediqbal/.m2/repository/org/webjars/swagger-ui/5.17.14/swagger-ui-5.17.14.jar:/Users/saeediqbal/.m2/repository/org/springframework/security/spring-security-oauth2-client/6.3.3/spring-security-oauth2-client-6.3.3.jar:/Users/saeediqbal/.m2/repository/org/springframework/security/spring-security-oauth2-core/6.3.3/spring-security-oauth2-core-6.3.3.jar:/Users/saeediqbal/.m2/repository/com/nimbusds/oauth2-oidc-sdk/9.43.4/oauth2-oidc-sdk-9.43.4.jar:/Users/saeediqbal/.m2/repository/com/github/stephenc/jcip/jcip-annotations/1.0-1/jcip-annotations-1.0-1.jar:/Users/saeediqbal/.m2/repository/com/nimbusds/content-type/2.2/content-type-2.2.jar:/Users/saeediqbal/.m2/repository/com/nimbusds/lang-tag/1.7/lang-tag-1.7.jar:/Users/saeediqbal/.m2/repository/com/nimbusds/nimbus-jose-jwt/9.37.3/nimbus-jose-jwt-9.37.3.jar:/Users/saeediqbal/.m2/repository/org/springframework/boot/spring-boot-starter-oauth2-resource-server/3.3.3/spring-boot-starter-oauth2-resource-server-3.3.3.jar:/Users/saeediqbal/.m2/repository/org/springframework/security/spring-security-oauth2-resource-server/6.3.3/spring-security-oauth2-resource-server-6.3.3.jar:/Users/saeediqbal/.m2/repository/org/springframework/security/spring-security-oauth2-jose/6.3.3/spring-security-oauth2-jose-6.3.3.jar:"/>
    <property name="sun.cpu.endian" value="little"/>
    <property name="user.home" value="/Users/saeediqbal"/>
    <property name="user.language" value="en"/>
    <property name="java.specification.vendor" value="Oracle Corporation"/>
    <property name="java.version.date" value="2024-04-16"/>
    <property name="java.home" value="/Users/saeediqbal/Documents/jdk-21.0.3.jdk/Contents/Home"/>
    <property name="file.separator" value="/"/>
    <property name="basedir" value="/Users/saeediqbal/IdeaProjects/loyalty/backend"/>
    <property name="java.vm.compressedOopsMode" value="Zero based"/>
    <property name="line.separator" value="&#10;"/>
    <property name="java.vm.specification.vendor" value="Oracle Corporation"/>
    <property name="java.specification.name" value="Java Platform API Specification"/>
    <property name="FILE_LOG_CHARSET" value="UTF-8"/>
    <property name="java.awt.headless" value="true"/>
    <property name="apple.awt.application.name" value="ForkedBooter"/>
    <property name="surefire.real.class.path" value="/Users/saeediqbal/IdeaProjects/loyalty/backend/target/surefire/surefirebooter-20240902082846566_3.jar"/>
    <property name="sun.management.compiler" value="HotSpot 64-Bit Tiered Compilers"/>
    <property name="ftp.nonProxyHosts" value="local|*.local|169.254/16|*.169.254/16"/>
    <property name="java.runtime.version" value="21.0.3+7-LTS-152"/>
    <property name="user.name" value="saeediqbal"/>
    <property name="stdout.encoding" value="UTF-8"/>
    <property name="path.separator" value=":"/>
    <property name="os.version" value="14.6.1"/>
    <property name="java.runtime.name" value="Java(TM) SE Runtime Environment"/>
    <property name="file.encoding" value="UTF-8"/>
    <property name="java.vm.name" value="Java HotSpot(TM) 64-Bit Server VM"/>
    <property name="localRepository" value="/Users/saeediqbal/.m2/repository"/>
    <property name="java.vendor.url.bug" value="https://bugreport.java.com/bugreport/"/>
    <property name="java.io.tmpdir" value="/var/folders/qq/n1713w9n38j1fg2c30hb37740000gn/T/"/>
    <property name="idea.version" value="2024.1.4"/>
    <property name="java.version" value="21.0.3"/>
    <property name="user.dir" value="/Users/saeediqbal/IdeaProjects/loyalty/backend"/>
    <property name="os.arch" value="aarch64"/>
    <property name="java.vm.specification.name" value="Java Virtual Machine Specification"/>
    <property name="PID" value="20287"/>
    <property name="CONSOLE_LOG_CHARSET" value="UTF-8"/>
    <property name="native.encoding" value="UTF-8"/>
    <property name="java.library.path" value="/Users/saeediqbal/Library/Java/Extensions:/Library/Java/Extensions:/Network/Library/Java/Extensions:/System/Library/Java/Extensions:/usr/lib/java:."/>
    <property name="java.vm.info" value="mixed mode, sharing"/>
    <property name="stderr.encoding" value="UTF-8"/>
    <property name="java.vendor" value="Oracle Corporation"/>
    <property name="java.vm.version" value="21.0.3+7-LTS-152"/>
    <property name="sun.io.unicode.encoding" value="UnicodeBig"/>
    <property name="socksNonProxyHosts" value="local|*.local|169.254/16|*.169.254/16"/>
    <property name="java.class.version" value="65.0"/>
    <property name="LOGGED_APPLICATION_NAME" value="[loyalty] "/>
  </properties>
  <testcase name="contextLoads" classname="com.retail.loyalty.LoyaltyApplicationTests" time="0.502">
    <system-out><![CDATA[08:28:47.007 [main] INFO org.springframework.test.context.support.AnnotationConfigContextLoaderUtils -- Could not detect default configuration classes for test class [com.retail.loyalty.LoyaltyApplicationTests]: LoyaltyApplicationTests does not declare any static, non-private, non-final, nested classes annotated with @Configuration.
08:28:47.072 [main] INFO org.springframework.boot.test.context.SpringBootTestContextBootstrapper -- Found @SpringBootConfiguration com.retail.loyalty.LoyaltyApplication for test class com.retail.loyalty.LoyaltyApplicationTests

  .   ____          _            __ _ _
 /\\ / ___'_ __ _ _(_)_ __  __ _ \ \ \ \
( ( )\___ | '_ | '_| | '_ \/ _` | \ \ \ \
 \\/  ___)| |_)| | | | | || (_| |  ) ) ) )
  '  |____| .__|_| |_|_| |_\__, | / / / /
 =========|_|==============|___/=/_/_/_/

 :: Spring Boot ::                (v3.3.3)

2024-09-02T08:28:47.276+05:00  INFO 20287 --- [loyalty] [           main] c.r.loyalty.LoyaltyApplicationTests      : Starting LoyaltyApplicationTests using Java 21.0.3 with PID 20287 (started by saeediqbal in /Users/saeediqbal/IdeaProjects/loyalty/backend)
2024-09-02T08:28:47.277+05:00  INFO 20287 --- [loyalty] [           main] c.r.loyalty.LoyaltyApplicationTests      : No active profile set, falling back to 1 default profile: "default"
2024-09-02T08:28:47.706+05:00  INFO 20287 --- [loyalty] [           main] .s.d.r.c.RepositoryConfigurationDelegate : Bootstrapping Spring Data R2DBC repositories in DEFAULT mode.
2024-09-02T08:28:47.796+05:00  INFO 20287 --- [loyalty] [           main] .s.d.r.c.RepositoryConfigurationDelegate : Finished Spring Data repository scanning in 87 ms. Found 6 R2DBC repository interfaces.
2024-09-02T08:28:48.774+05:00  INFO 20287 --- [loyalty] [           main] c.r.loyalty.LoyaltyApplicationTests      : Started LoyaltyApplicationTests in 1.626 seconds (process running for 2.162)
]]></system-out>
    <system-err><![CDATA[WARNING: A Java agent has been loaded dynamically (/Users/saeediqbal/.m2/repository/net/bytebuddy/byte-buddy-agent/1.14.19/byte-buddy-agent-1.14.19.jar)
WARNING: If a serviceability tool is in use, please run with -XX:+EnableDynamicAgentLoading to hide this warning
WARNING: If a serviceability tool is not in use, please run with -Djdk.instrument.traceUsage for more information
WARNING: Dynamic loading of agents will be disallowed by default in a future release
]]></system-err>
  </testcase>
</testsuite>